[11/12/2016 21:44:41] /town 2
[11/12/2016 21:44:46] /town 3
[11/12/2016 21:44:51] /town 2
[11/12/2016 21:57:13] /m gengar
[11/12/2016 21:57:37] /m steelix
[11/12/2016 21:58:06] /m magmotar
[11/12/2016 21:58:13] /m magmar
[11/12/2016 21:58:38] /m umbreon
[11/12/2016 21:58:51] /m umbreon
[11/12/2016 21:58:52] /m umbreon
[11/12/2016 21:58:54] /m magmar
[11/12/2016 22:01:22] /m revive
[11/12/2016 22:01:30] /m poliwag
[11/12/2016 22:03:30] /m tyranitar
[11/12/2016 22:05:02] /m shiny gengar
[11/12/2016 22:05:51] /m shiny gengar
[11/12/2016 22:06:50] /m machamp
[11/12/2016 22:07:22] /m shiny machoke
[11/12/2016 22:07:28] /m shiny dratini
[11/12/2016 22:08:21] /m shiny larvitar
