[11/12/2016 22:10:21] /m shiny gengar
[11/12/2016 22:12:25] /m golbat
[11/12/2016 22:13:24] /m shiny golbat
[11/12/2016 22:13:54] /m shiny zubat
[11/12/2016 22:14:57] /i poke bag
[11/12/2016 22:15:07] /i Darkness Stone
[11/12/2016 22:15:39] /i Water Stone
[11/12/2016 22:16:29] /m shiny golbat
[11/12/2016 22:18:15] /m drapion
[11/12/2016 22:21:01] /m absol
[11/12/2016 22:23:21] /m absol
[11/12/2016 22:23:41] /m gloom
[11/12/2016 22:23:57] /m caterpie
[11/12/2016 22:23:58] /m caterpie
[11/12/2016 22:23:59] /m caterpie
[11/12/2016 22:24:00] /m caterpie
[11/12/2016 22:24:01] /m caterpie
[11/12/2016 22:24:03] /m caterpie
[11/12/2016 22:24:04] /m caterpie
[11/12/2016 22:24:05] /m caterpie
[11/12/2016 22:24:06] /m caterpie
[11/12/2016 22:24:07] /m caterpie
[11/12/2016 22:24:08] /m caterpie
[11/12/2016 22:24:09] /m caterpie
[11/12/2016 22:24:10] /m caterpie
[11/12/2016 22:24:10] /m caterpie
[11/12/2016 22:24:26] /m charizard
[11/12/2016 22:24:35] /m charizard
[11/12/2016 22:24:36] /m charizard
[11/12/2016 22:25:01] /m charizard
[11/12/2016 22:25:44] /m charizard
[11/12/2016 22:26:37] /n misty
[11/12/2016 22:26:56] /n bruno
[11/12/2016 22:27:05] /n brock
[11/12/2016 22:27:33] /m shiny gyarados
[11/12/2016 22:27:54] /m shiny gyarados
[11/12/2016 22:27:54] /m shiny gyarados
[11/12/2016 22:28:49] /t testess
[11/12/2016 22:30:09] /m shiny gyarados
[11/12/2016 22:30:10] /m shiny gyarados
[11/12/2016 22:30:12] /m shiny gyarados
[11/12/2016 22:31:31] /m shiny gyarados
[11/12/2016 22:32:43] /m shiny gyarados
[11/12/2016 22:33:37] /m shiny gyarados
[11/12/2016 22:34:45] /m shiny gyarados
[11/12/2016 22:34:46] /m shiny gyarados
[11/12/2016 22:34:49] /m shiny gyarados
[11/12/2016 22:37:55] /m magmotar
[11/12/2016 22:39:05] /m dusknoir
[11/12/2016 22:39:15] /m dusknoir
[11/12/2016 22:40:31] /m dusknoir
[11/12/2016 22:40:35] /m magmotar
[11/12/2016 22:40:37] /m magmotar
[11/12/2016 22:40:45] /m dusknoir
[11/12/2016 22:40:48] /m dusknoir
[11/12/2016 22:41:22] /m dusknoir
[11/12/2016 22:42:03] /m dusknoir
[11/12/2016 22:43:42] /m muk
[11/12/2016 22:43:57] /m shiny muk
[11/12/2016 22:46:00] /m shiny crobat
[11/12/2016 22:46:38] /m dusknoir
[11/12/2016 22:53:45] /m shiny steelix
[11/12/2016 22:53:50] /m shiny onix
[11/12/2016 22:54:46] /m shiny snorlax
[11/12/2016 22:55:44] /m shiny dragonair
[11/12/2016 22:55:57] /m shiny dragonair
[11/12/2016 22:55:58] /m shiny dragonair
[11/12/2016 22:56:15] /m shiny dragonair
[11/12/2016 22:56:17] /m shiny dragonair
[11/12/2016 22:56:18] /m shiny dragonair
[11/12/2016 22:59:54] /m shiny dragonair
[11/12/2016 22:59:56] /m shiny dragonair
[11/12/2016 22:59:58] /m shiny dragonair
[11/12/2016 23:00:01] /m shiny dragonair
[11/12/2016 23:01:50] /attr groupid, 15
[11/12/2016 23:01:57] /attr groupid, 15
[11/12/2016 23:02:25] /attr groupid, 15
[11/12/2016 23:02:29] /attr groupid, 15
[11/12/2016 23:02:30] /attr groupid, 15
[11/12/2016 23:02:31] /attr groupid, 15
[11/12/2016 23:02:33] /attr groupid, 15
[11/12/2016 23:03:35] /town 2
[12/12/2016 00:04:53] !revert
[12/12/2016 00:05:13] /m shiny golem
[12/12/2016 00:06:53] /m magmar
[12/12/2016 00:07:06] /m magmar
[12/12/2016 00:07:52] /m magmar
[12/12/2016 00:08:17] /m magmar
[12/12/2016 04:05:32] /town 2
[12/12/2016 04:05:34] /town 1
[12/12/2016 04:05:36] /a 40
[12/12/2016 04:05:37] /a 40
[12/12/2016 04:05:38] /up
[12/12/2016 04:05:51] /a 5
[12/12/2016 04:05:53] /a 8
[15/12/2016 21:04:49] /town 1
[15/12/2016 21:05:04] /up
[15/12/2016 21:05:07] /a 3
[15/12/2016 21:05:07] /a 3
[15/12/2016 21:05:08] /a 3
[15/12/2016 21:05:08] /a 3
[15/12/2016 21:05:11] /a 3
[15/12/2016 21:09:55] /r
[15/12/2016 21:15:20] /reload actions
[15/12/2016 21:16:04] /reload actions
[15/12/2016 21:37:13] /town 1
[15/12/2016 21:37:21] /attr actionid 15000
[15/12/2016 21:37:24] /reload actions
[15/12/2016 21:39:26] /storage
[15/12/2016 21:39:30] /storage 91120 -1
[15/12/2016 21:39:33] /storage 91120, -1
[15/12/2016 21:39:42] /storage ADM Yurex, 91120
[15/12/2016 21:39:47] /storage ADM Yurex
[16/12/2016 02:00:38] /i 2160
[16/12/2016 02:26:27] /reload creatureevents
[16/12/2016 02:26:29] /reload talk
[16/12/2016 02:26:33] /m golem
[16/12/2016 02:26:57] /m blastoise
[16/12/2016 02:29:10] /reload actions
[16/12/2016 02:29:12] /reload talk
[16/12/2016 02:29:16] /reload acreature
[16/12/2016 02:29:19] /reload creatureevents
[16/12/2016 02:29:24] /reload talks
[16/12/2016 02:29:25] /reload talk
[16/12/2016 02:29:28] /m golem
[16/12/2016 02:36:12] /reload movements
[16/12/2016 02:36:16] /reload talk
[16/12/2016 02:36:18] /m golem
[16/12/2016 02:36:26] /reload actions
[16/12/2016 02:36:26] /reload actions
[16/12/2016 02:36:27] /reload actions
[16/12/2016 02:36:28] /reload talk
[16/12/2016 02:36:29] /reload talk
[16/12/2016 02:36:29] /reload talk
[16/12/2016 02:36:32] /reload creatureevents
[16/12/2016 02:36:32] /reload creatureevents
[16/12/2016 02:36:33] /reload creatureevents
[16/12/2016 02:36:33] /reload creatureevents
[16/12/2016 02:38:16] /reload actions
[16/12/2016 02:38:18] /reload talk
[16/12/2016 02:38:19] /reload talk
[16/12/2016 02:38:19] /reload talk
[16/12/2016 02:38:22] /reload creatureevents
[16/12/2016 02:38:23] /reload creatureevents
[16/12/2016 02:38:23] /reload creatureevents
[16/12/2016 02:38:24] /m golem
[16/12/2016 02:38:37] /r
[16/12/2016 02:39:00] /m golem
[16/12/2016 02:39:15] /m blastoise
[16/12/2016 02:39:17] /r
[16/12/2016 02:39:20] /m electabuzz
[16/12/2016 02:40:18] /reload talk
[16/12/2016 02:40:20] /reload actions
[16/12/2016 02:40:23] /reload creatureevents
[16/12/2016 02:43:38] /reload creatureevents
[16/12/2016 02:43:41] /reload actions
[16/12/2016 02:43:42] /reload talk
[16/12/2016 02:44:48] /reload creatureevents
[16/12/2016 02:44:56] /reload talk
[16/12/2016 02:45:14] /r
[16/12/2016 02:45:15] /r
[16/12/2016 02:45:19] /m caterpie
[16/12/2016 02:45:45] /m scyther
[16/12/2016 02:45:51] /m zubat
[16/12/2016 02:48:48] /reload creatureevents
[16/12/2016 02:48:49] /reload talk
[16/12/2016 02:49:24] /r
[16/12/2016 02:49:25] /r
[16/12/2016 02:49:27] /m kakuna
[16/12/2016 02:50:21] /reload creatureevents
[16/12/2016 02:51:36] /m golem
[16/12/2016 02:52:01] /m kakuna
[16/12/2016 02:53:38] /reload creatureevents
[16/12/2016 02:53:53] /m golem
[16/12/2016 02:54:06] /r
[16/12/2016 02:54:23] /reload creatureevents
[16/12/2016 02:54:30] /reload talk
[16/12/2016 02:54:32] /m golem
[16/12/2016 02:55:14] /reload talk
[16/12/2016 02:55:16] /reload creatureevents
[16/12/2016 02:55:18] /m golem
[16/12/2016 02:56:21] /m golem
[16/12/2016 02:56:23] /reload talk
[16/12/2016 02:56:24] /reload creatureevents
[16/12/2016 02:56:25] /reload talk
[16/12/2016 02:56:25] /reload creatureevents
[16/12/2016 02:56:57] /m golem
[16/12/2016 02:57:37] /reload creatureevents
[16/12/2016 02:58:45] /m golem
[16/12/2016 03:00:53] /reload creatureevents
[16/12/2016 03:00:54] /reload talk
[16/12/2016 03:00:56] /m golem
[16/12/2016 03:01:18] /m golem
[16/12/2016 03:01:21] /reload creatureevents
[16/12/2016 03:01:21] /reload talk
[16/12/2016 03:01:22] /reload creatureevents
[16/12/2016 03:01:22] /reload talk
[16/12/2016 03:01:23] /reload creatureevents
[16/12/2016 03:02:29] /r
[16/12/2016 03:04:14] /reload creatureevents
[16/12/2016 03:04:14] /reload talk
[16/12/2016 03:04:17] /m golem
[16/12/2016 03:04:39] /reload creatureevents
[16/12/2016 03:04:40] /reload talk
[16/12/2016 03:04:45] /reload creatureevents
[16/12/2016 03:04:45] /reload talk
[16/12/2016 03:04:46] /reload creatureevents
[16/12/2016 03:04:46] /reload talk
[16/12/2016 03:07:02] /reload creatureevents
[16/12/2016 03:07:02] /reload talk
[16/12/2016 03:07:17] /r
[16/12/2016 03:11:30] /reload creatureevents
[16/12/2016 03:11:31] /reload talk
[16/12/2016 03:11:32] /m golem
[16/12/2016 03:14:25] /reload creatureevents
[16/12/2016 03:14:26] /reload talk
[16/12/2016 03:14:46] /reload creatureevents
[16/12/2016 03:14:46] /reload talk
[16/12/2016 03:49:29] /town 4
[16/12/2016 03:49:51] /town 2
[16/12/2016 03:49:52] /town 1
[16/12/2016 03:50:29] /a 2
[16/12/2016 03:50:33] /a 2
[16/12/2016 03:50:35] /a 2
[16/12/2016 03:50:37] /a 2
[16/12/2016 03:50:38] /a 2
[16/12/2016 03:50:38] /a 2
[16/12/2016 03:50:40] /up
[16/12/2016 03:50:41] /up
[16/12/2016 03:51:09] /town 1
