[13/12/2016 18:39:19] /m pidgeot
[13/12/2016 18:39:49] /reload creatureevents
[13/12/2016 18:39:51] /reload talk
[13/12/2016 18:40:07] /m pidgeot
[13/12/2016 18:40:46] /reload talk
[13/12/2016 18:40:46] /reload creatureevents
[13/12/2016 18:40:48] /m pidgeot
[13/12/2016 18:41:09] /reload talk
[13/12/2016 18:41:09] /reload creatureevents
[13/12/2016 18:41:11] /m pidgeot
[13/12/2016 18:41:21] /r
[13/12/2016 18:41:22] /r
[13/12/2016 18:41:25] /r
[13/12/2016 18:41:30] /m pidgeot
[13/12/2016 18:41:41] /r
[13/12/2016 18:41:46] /m pidgeot
[13/12/2016 18:41:52] /r
[13/12/2016 18:41:57] /m pidgeot
[13/12/2016 18:42:14] /reload talk
[13/12/2016 18:42:14] /reload creatureevents
[13/12/2016 18:42:17] /m pidgeot
[13/12/2016 18:43:53] /reload talk
[13/12/2016 18:43:53] /reload creatureevents
[13/12/2016 18:44:04] /addskill elrancio, level, 16
[13/12/2016 18:44:06] /addskill elrancio, level, 1
[13/12/2016 18:44:11] /m pidgeot
[13/12/2016 18:44:49] /reload talk
[13/12/2016 18:44:49] /reload creatureevents
[13/12/2016 18:44:51] /m pidgeot
[13/12/2016 18:45:08] /reload talk
[13/12/2016 18:45:08] /reload creatureevents
[13/12/2016 18:45:10] /m pidgeot
[13/12/2016 18:45:28] /addskill elrancio, level, 50
[13/12/2016 18:45:31] /m pidgeot
[13/12/2016 18:52:10] /m pidgeot
[13/12/2016 18:52:30] /reload talk
[13/12/2016 18:52:30] /reload creatureevents
[13/12/2016 18:52:32] /m pidgeot
[13/12/2016 18:52:50] /reload creatureevents
[13/12/2016 18:52:51] /reload creatureevents
[13/12/2016 18:52:51] /reload talk
[13/12/2016 18:52:52] /reload talk
[13/12/2016 18:52:54] /m pidgeot
[13/12/2016 18:53:29] /reload monster
[13/12/2016 18:53:31] /m pidgeot
[13/12/2016 18:53:50] /r
[13/12/2016 18:53:51] /r
[13/12/2016 18:53:58] /m pidgeot
[13/12/2016 18:56:20] /reload talk
[13/12/2016 18:56:20] /reload creatureevents
[13/12/2016 18:56:21] /m pidgeot
[13/12/2016 18:56:29] /r
[13/12/2016 18:56:33] /m pidgeot
[13/12/2016 18:57:36] /reload talk
[13/12/2016 18:57:37] /reload creatureevents
[13/12/2016 18:57:47] /addskill elrancio, level, 50
[13/12/2016 18:57:49] /m pidgeot
[13/12/2016 18:58:07] /reload talk
[13/12/2016 18:58:08] /reload creatureevents
[13/12/2016 18:58:11] /m pidgeot
[13/12/2016 18:58:15] /r
[13/12/2016 18:58:21] /m pidgeot
[13/12/2016 18:58:28] /r
[13/12/2016 18:58:36] /m pidgeot
[13/12/2016 18:58:57] /reload creatureevents
[13/12/2016 18:58:57] /reload talk
[13/12/2016 18:59:00] /m pidgeot
[13/12/2016 18:59:10] /reload talk
[13/12/2016 18:59:11] /reload creatureevents
[13/12/2016 18:59:14] /m pidgeot
[13/12/2016 19:00:33] /m golem
[13/12/2016 19:29:56] /m golem
[13/12/2016 19:30:01] /m pidgeot
[13/12/2016 19:30:09] /r
[13/12/2016 19:31:53] /reload talk
[13/12/2016 19:31:53] /reload creatureevents
[13/12/2016 19:31:56] /m shiny pidgeot
[13/12/2016 19:31:57] /m shiny pidgeot
[13/12/2016 19:31:57] /m shiny pidgeot
[13/12/2016 19:31:58] /m shiny pidgeot
[13/12/2016 19:31:58] /m shiny pidgeot
[13/12/2016 19:31:58] /m shiny pidgeot
[13/12/2016 19:31:59] /m shiny pidgeot
[13/12/2016 19:32:00] /m shiny pidgeot
[13/12/2016 19:32:03] /r
[13/12/2016 19:32:05] /r
[13/12/2016 19:32:07] /r
[13/12/2016 19:32:09] /r
[13/12/2016 19:32:10] /r
[13/12/2016 19:32:14] /r
[13/12/2016 19:32:17] /r
[13/12/2016 19:32:18] /r
[13/12/2016 19:32:20] /m pidgeot
[13/12/2016 19:32:20] /m pidgeot
[13/12/2016 19:32:26] /m pidgeot
[13/12/2016 19:32:26] /m pidgeot
[13/12/2016 19:32:27] /m pidgeot
[13/12/2016 19:32:27] /m pidgeot
[13/12/2016 19:32:28] /m pidgeot
[13/12/2016 19:32:28] /m pidgeot
[13/12/2016 19:32:28] /m pidgeot
[13/12/2016 19:32:29] /m pidgeot
[13/12/2016 19:32:29] /m pidgeot
[13/12/2016 19:32:29] /m pidgeot
[13/12/2016 19:32:30] /m pidgeot
[13/12/2016 19:32:30] /m pidgeot
[13/12/2016 19:32:31] /m pidgeot
[13/12/2016 19:32:31] /m pidgeot
[13/12/2016 19:32:31] /m pidgeot
[13/12/2016 19:34:02] /i 15136
[13/12/2016 19:34:16] /i 15137
[13/12/2016 19:34:17] /i 15138
[13/12/2016 19:34:18] /i 15139
[13/12/2016 19:34:29] /i 15135
[13/12/2016 19:34:58] /i 15792
[13/12/2016 19:35:35] /m golem
[13/12/2016 19:35:44] /m golem
[13/12/2016 19:38:52] /reload talk
[13/12/2016 19:38:52] /reload creatureevents
[13/12/2016 19:39:18] /m golem
[13/12/2016 19:39:24] /m teste
[13/12/2016 19:40:44] /reload talk
[13/12/2016 19:40:44] /reload creatureevents
[13/12/2016 19:41:03] /reload talk
[13/12/2016 19:41:04] /reload creatureevents
[13/12/2016 19:54:48] /reload talk
[13/12/2016 19:54:48] /reload creatureevents
[13/12/2016 19:56:06] /m golem
[13/12/2016 19:56:06] /m golem
[13/12/2016 19:56:07] /m golem
[13/12/2016 19:56:07] /m golem
[13/12/2016 19:56:07] /m golem
[13/12/2016 19:56:08] /m golem
[13/12/2016 19:57:27] /reload talk
[13/12/2016 19:57:29] /reload creatureevents
[13/12/2016 19:57:45] /m golem
[13/12/2016 19:57:46] /m golem
[13/12/2016 19:57:46] /m golem
[13/12/2016 19:57:46] /m golem
[13/12/2016 19:57:47] /m golem
[13/12/2016 19:57:47] /m golem
[13/12/2016 19:58:49] /reload talk
[13/12/2016 19:58:49] /reload creatureevents
[13/12/2016 19:58:51] /m golem
[13/12/2016 19:59:58] /reload talk
[13/12/2016 19:59:59] /reload creatureevents
[13/12/2016 20:00:00] /m golem
[13/12/2016 20:01:08] /reload talk
[13/12/2016 20:01:09] /reload creatureevents
[13/12/2016 20:01:48] /reload talk
[13/12/2016 20:01:49] /reload creatureevents
[13/12/2016 20:02:13] /reload creatureevents
[13/12/2016 20:02:13] /reload talk
[13/12/2016 20:02:27] /reload creatureevents
[13/12/2016 20:02:28] /reload talk
[13/12/2016 20:02:30] /m golem
[13/12/2016 20:02:55] /reload talk
[13/12/2016 20:02:56] /reload creatureevents
[13/12/2016 20:02:58] /m golem
[13/12/2016 20:03:49] /reload talk
[13/12/2016 20:03:49] /reload creatureevents
[13/12/2016 20:06:57] /reload creatureevents
[13/12/2016 20:06:58] /reload talk
[13/12/2016 20:07:00] /reload creatureevents
[13/12/2016 20:07:01] /reload talk
[13/12/2016 20:21:31] /newtype 1441
[13/12/2016 20:22:06] /reload talk
[13/12/2016 20:23:21] /m lapras
[13/12/2016 20:37:56] /i "3896
[13/12/2016 20:38:01] /i 3896
[13/12/2016 20:43:17] /i 13824
[13/12/2016 21:48:37] /newtype 2128
[13/12/2016 21:50:10] /newtype 1393
[13/12/2016 21:50:16] /newtype 1394
[13/12/2016 21:50:35] /newtype 1394
[13/12/2016 21:51:28] /i 2550
[13/12/2016 21:54:16] /i 14749
[13/12/2016 21:54:28] /i 14762
[13/12/2016 21:58:10] /i 16325
[13/12/2016 21:59:10] /reload actions
[13/12/2016 21:59:11] /i 15137
[13/12/2016 21:59:47] /i fire essences
[13/12/2016 21:59:49] /m golem
[13/12/2016 22:00:07] /reload actions
[13/12/2016 22:00:53] /reload action
[13/12/2016 22:01:44] /reload actions
[13/12/2016 22:01:58] /reload actions
[13/12/2016 22:02:15] /newtype 2128
[13/12/2016 22:02:30] /newtype 2128
[13/12/2016 22:04:17] /reload actions
[13/12/2016 22:04:18] /reload talk
[13/12/2016 22:04:47] /newtype 1469
[13/12/2016 22:05:06] /newtype 1516
[13/12/2016 22:05:17] /newtype 605
[13/12/2016 22:05:26] /newtype 604
[13/12/2016 22:09:14] /reload actions
[13/12/2016 22:09:16] /reload talk
[13/12/2016 22:10:52] /reload creatureevents
[13/12/2016 22:10:52] /reload talk
[13/12/2016 22:10:56] /reload monster
[13/12/2016 22:11:45] /reload talk
[13/12/2016 22:11:45] /reload creatureevents
[13/12/2016 22:15:44] /m pidgeot
[13/12/2016 22:15:48] /m pidgeotto
[13/12/2016 22:16:24] /m wartortle
[13/12/2016 22:16:40] /m snorla
[13/12/2016 22:16:41] /m snorlax
[13/12/2016 22:16:51] /m chansey
[13/12/2016 22:17:01] /m clefable
[13/12/2016 22:17:19] /m raticate
[13/12/2016 22:17:39] /m rhyhorn
[13/12/2016 22:17:53] /m golduck
[13/12/2016 22:18:17] /m kabutops
[13/12/2016 22:22:46] /m spearow
[13/12/2016 22:29:46] /reload creatureevents
[13/12/2016 22:30:01] /newtype 1647
[13/12/2016 22:30:03] /newtype 1648
[13/12/2016 22:30:04] /newtype 1649
[13/12/2016 22:30:06] /newtype 1641
[13/12/2016 22:30:07] /newtype 1642
[13/12/2016 22:30:08] /newtype 1643
[13/12/2016 22:30:18] /newtype 1600
[13/12/2016 22:30:22] /reload talk
[13/12/2016 22:30:22] /reload creatureevents
[13/12/2016 22:31:59] /reload creatureevents
[13/12/2016 22:32:00] /reload talk
[13/12/2016 22:32:09] /newtype 1643
[13/12/2016 22:32:12] /newtype 1646
[13/12/2016 22:32:13] /newtype 1647
[13/12/2016 22:32:14] /newtype 1648
[13/12/2016 22:32:15] /newtype 1649
[13/12/2016 22:32:16] /newtype 1644
[13/12/2016 22:32:16] /newtype 1643
[13/12/2016 22:32:19] /newtype 1643
[13/12/2016 22:32:20] /newtype 1642
[13/12/2016 22:32:21] /newtype 1641
[13/12/2016 22:32:28] /reload creatureevents
[13/12/2016 22:32:29] /reload talk
[13/12/2016 22:34:15] /reload talk
[13/12/2016 22:34:15] /reload creatureevents
[13/12/2016 22:40:38] /reload talk
[13/12/2016 22:40:38] /reload creatureevents
[13/12/2016 23:02:12] /reload creatureevents
[13/12/2016 23:02:13] /reload talk
[13/12/2016 23:03:51] /reload talk
[13/12/2016 23:03:53] /reload creatureevents
[13/12/2016 23:12:10] /m misdreavus
[13/12/2016 23:16:35] /reload talk
[13/12/2016 23:20:21] /i y-wing (tier:5
[13/12/2016 23:20:22] /i y-wing (tier:5)
[13/12/2016 23:20:25] /i y-wing (tier: 6)
[13/12/2016 23:21:28] /reload creatureevents
[13/12/2016 23:21:29] /reload talk
[13/12/2016 23:21:32] /reload talk
[13/12/2016 23:47:09] /m gardervoir
[13/12/2016 23:47:35] /m gardervoir
[13/12/2016 23:47:36] /m gardervoir
[13/12/2016 23:47:42] /newtype 1715
[13/12/2016 23:47:47] /newtype 1725
[13/12/2016 23:48:53] /m gardevoir
[13/12/2016 23:49:01] /newtype 1715
[13/12/2016 23:49:59] /reload talk
[13/12/2016 23:50:00] /reload creatureevents
[13/12/2016 23:51:03] /reload talk
[13/12/2016 23:51:04] /reload creatureevents
[13/12/2016 23:51:06] /m golem
[13/12/2016 23:51:15] /m golem
[13/12/2016 23:51:24] /m golem
[13/12/2016 23:52:06] /m teste
[13/12/2016 23:52:10] /reload talk
[14/12/2016 00:28:27] /i crystal stone
[14/12/2016 00:28:28] /i crystal stone
[14/12/2016 00:28:28] /i crystal stone
[14/12/2016 00:28:29] /i crystal stone
[14/12/2016 00:28:30] /i crystal stone
[14/12/2016 00:29:09] /m shiny meganium
[14/12/2016 00:29:42] /r
[14/12/2016 00:29:50] /m sandslash
[14/12/2016 00:29:51] /m sandslash
[14/12/2016 00:29:51] /m sandslash
[14/12/2016 00:29:52] /m sandslash
[14/12/2016 00:29:52] /m sandslash
[14/12/2016 00:29:52] /m sandslash
[14/12/2016 00:29:53] /m sandslash
[14/12/2016 01:35:51] /reload talk
[14/12/2016 01:35:52] /reload creatureevents
[14/12/2016 01:39:11] /reload creatureevents
[14/12/2016 01:39:11] /reload talk
[14/12/2016 01:39:25] /m shiny electivire
[14/12/2016 01:39:27] /m golem
[14/12/2016 01:39:34] /s shiny electivire
[14/12/2016 01:42:06] /r
[14/12/2016 01:42:07] /r
[14/12/2016 01:50:36] /m golem
[14/12/2016 02:11:21] /m golem
[14/12/2016 02:20:36] /m feebas
[14/12/2016 02:21:08] /m golem
[14/12/2016 02:30:02] /m golem
[14/12/2016 02:30:03] /m golem
[14/12/2016 02:30:03] /m golem
[14/12/2016 02:30:04] /m golem
[14/12/2016 02:30:07] /m mew
[14/12/2016 02:43:48] /i x-haste (tier: 7)
[14/12/2016 02:45:38] /m golem
[14/12/2016 02:46:36] /reload talk
[14/12/2016 02:46:36] /reload creatureevents
[14/12/2016 02:46:38] /m golem
[14/12/2016 02:47:45] /reload creatureevents
[14/12/2016 02:47:46] /reload talk
[14/12/2016 02:47:48] /m golem
[14/12/2016 02:48:00] /reload talk
[14/12/2016 02:48:00] /reload creatureevents
[14/12/2016 02:48:02] /m golem
[14/12/2016 02:48:12] /reload talk
[14/12/2016 02:48:13] /reload creatureevents
[14/12/2016 02:48:14] /m golem
[14/12/2016 02:48:31] /reload talk
[14/12/2016 02:48:31] /reload creatureevents
[14/12/2016 02:48:33] /m golem
[14/12/2016 02:48:43] /reload talk
[14/12/2016 02:48:44] /reload creatureevents
[14/12/2016 02:48:45] /m golem
[14/12/2016 02:51:51] /reload talk
[14/12/2016 02:51:52] /reload creatureevents
[14/12/2016 02:52:42] /reload talk
[14/12/2016 02:52:43] /reload creatureevents
[14/12/2016 02:53:07] /reload talk
[14/12/2016 02:53:07] /reload creatureevents
[14/12/2016 02:53:09] /m golem
[14/12/2016 02:53:09] /m golem
[14/12/2016 02:53:10] /m golem
[14/12/2016 02:53:10] /m golem
[14/12/2016 02:53:10] /m golem
[14/12/2016 02:53:11] /m golem
[14/12/2016 02:53:12] /m golem
[14/12/2016 02:53:13] /m golem
[14/12/2016 02:53:44] /r
[14/12/2016 02:53:45] /r
[14/12/2016 02:54:28] /reload creatureevents
[14/12/2016 02:54:29] /reload talk
[14/12/2016 02:55:18] /reload talk
[14/12/2016 02:55:19] /reload creatureevents
[14/12/2016 02:58:37] /m golem
[14/12/2016 02:58:38] /m golem
[14/12/2016 03:02:09] /reload talk
[14/12/2016 03:02:11] /reload creatureevents
[14/12/2016 03:02:22] /reload talk
[14/12/2016 03:02:23] /reload creatureevents
[14/12/2016 03:03:42] /reload talk
[14/12/2016 03:03:42] /reload creatureevents
[14/12/2016 03:06:44] /reload talk
[14/12/2016 03:06:45] /reload creatureevents
[14/12/2016 03:07:57] /reload talk
[14/12/2016 03:07:57] /reload creatureevents
[14/12/2016 03:08:27] /reload talk
[14/12/2016 03:08:28] /reload creatureevents
[14/12/2016 03:08:32] /m golem
[14/12/2016 03:08:46] /m golem
[14/12/2016 03:08:50] /m golem
[14/12/2016 03:08:50] /m golem
[14/12/2016 03:08:50] /m golem
[14/12/2016 03:11:20] /reload talk
[14/12/2016 03:11:21] /reload creatureevents
[14/12/2016 03:11:34] /m golem
[14/12/2016 03:11:35] /m golem
[14/12/2016 03:11:35] /m golem
[14/12/2016 03:11:36] /m golem
[14/12/2016 03:11:36] /m golem
[14/12/2016 03:11:36] /m golem
[14/12/2016 03:12:29] /reload talk
[14/12/2016 03:12:30] /reload creatureevents
[14/12/2016 03:12:31] /m golem
[14/12/2016 03:12:32] /m golem
[14/12/2016 03:12:32] /m golem
[14/12/2016 03:12:39] /m golem
[14/12/2016 03:13:20] /m golem
[14/12/2016 03:13:21] /m golem
[14/12/2016 03:13:22] /m golem
[14/12/2016 03:13:22] /m golem
[14/12/2016 03:14:10] /reload talk
[14/12/2016 03:14:10] /reload creatureevents
[14/12/2016 03:14:13] /m golem
[14/12/2016 03:14:13] /m golem
[14/12/2016 03:14:13] /m golem
[14/12/2016 03:14:14] /m golem
[14/12/2016 03:15:29] /reload talk
[14/12/2016 03:15:30] /reload creatureevents
[14/12/2016 03:17:44] /m golem
[14/12/2016 03:17:45] /m golem
[14/12/2016 03:17:45] /m golem
[14/12/2016 03:17:45] /m golem
[14/12/2016 03:17:46] /m golem
[14/12/2016 03:17:46] /m golem
[14/12/2016 03:17:50] /m golem
[14/12/2016 03:17:50] /m golem
[14/12/2016 03:17:51] /m golem
[14/12/2016 03:17:51] /m golem
[14/12/2016 03:17:52] /m golem
[14/12/2016 03:17:52] /m golem
[14/12/2016 03:21:13] /m golem
[14/12/2016 03:21:38] /m golem
[14/12/2016 03:21:39] /m golem
[14/12/2016 03:22:05] /reload creatureevents
[14/12/2016 03:22:05] /reload talk
[14/12/2016 03:22:12] /m golem
[14/12/2016 03:22:59] /reload talk
[14/12/2016 03:23:00] /reload creatureevents
[14/12/2016 03:23:01] /m golem
[14/12/2016 03:35:42] /m golem
[14/12/2016 03:35:43] /m golem
[14/12/2016 03:35:43] /m golem
[14/12/2016 03:35:44] /m golem
[14/12/2016 03:35:44] /m golem
[14/12/2016 03:48:37] /reload talk
[14/12/2016 03:48:37] /reload creatureevents
[14/12/2016 03:48:43] /m golem
[14/12/2016 03:48:58] /r
[14/12/2016 03:49:13] /reload talk
[14/12/2016 03:49:14] /reload creatureevents
[14/12/2016 03:49:16] /reload talk
[14/12/2016 03:49:17] /reload creatureevents
[14/12/2016 03:49:18] /m golem
[14/12/2016 03:49:48] /m golem
[14/12/2016 03:50:26] /m golem
[14/12/2016 03:50:47] /reload talk
[14/12/2016 03:50:47] /reload creatureevents
[14/12/2016 03:50:49] /m golem
[14/12/2016 03:52:45] /bc Hola
[14/12/2016 03:52:47] /b
[14/12/2016 03:52:49] /b Hola
[14/12/2016 03:53:07] /m golem
[14/12/2016 03:53:33] /reload creatureevents
[14/12/2016 03:53:33] /reload talk
[14/12/2016 03:53:44] /m golem
[14/12/2016 03:54:44] /reload creatureevents
[14/12/2016 03:54:45] /reload talk
[14/12/2016 03:54:47] /m golem
[14/12/2016 03:55:24] /reload creatureevents
[14/12/2016 03:55:25] /reload talk
[14/12/2016 03:55:27] /m golem
[14/12/2016 03:55:37] /r
[14/12/2016 03:56:08] /reload talk
[14/12/2016 03:56:09] /reload talk
[14/12/2016 03:56:10] /reload creatureevents
[14/12/2016 03:56:27] /reload creatureevents
[14/12/2016 03:56:30] /reload creatureevents
[14/12/2016 03:56:31] /reload talk
[14/12/2016 03:56:34] /m golem
[14/12/2016 03:56:44] /r
[14/12/2016 03:57:21] /reload talk
[14/12/2016 03:57:22] /reload creatureevents
[14/12/2016 03:57:23] /m golem
[14/12/2016 03:57:32] /r
[14/12/2016 03:58:14] /m crobat
[14/12/2016 03:58:16] /m golem
[14/12/2016 03:58:21] /s golem
[14/12/2016 03:58:25] /reload creatureevents
[14/12/2016 03:58:25] /reload talk
[14/12/2016 03:58:34] /reload creatureevents
[14/12/2016 03:58:34] /reload creatureevents
[14/12/2016 03:58:34] /reload creatureevents
[14/12/2016 03:58:34] /reload talk
[14/12/2016 03:58:34] /reload talk
[14/12/2016 03:58:35] /reload creatureevents
[14/12/2016 04:02:18] /reload creatureevents
[14/12/2016 04:02:18] /reload talk
[14/12/2016 04:02:21] /m golem
[14/12/2016 04:04:01] /reload talk
[14/12/2016 04:04:01] /reload creatureevents
[14/12/2016 04:04:02] /reload talk
[14/12/2016 04:04:02] /reload creatureevents
[14/12/2016 04:04:02] /reload talk
[14/12/2016 04:04:02] /reload creatureevents
[14/12/2016 04:04:02] /reload talk
[14/12/2016 04:04:11] /m shiny crobat
[14/12/2016 04:04:16] /m crobat
[14/12/2016 04:04:20] /r
[14/12/2016 04:04:22] /r
[14/12/2016 04:05:03] /reload creatureevents
[14/12/2016 04:05:03] /reload talk
[14/12/2016 04:05:40] /reload creatureevents
[14/12/2016 04:05:40] /reload talk
[14/12/2016 04:05:41] /m golem
[14/12/2016 04:05:57] /reload creatureevents
[14/12/2016 04:05:57] /reload talk
[14/12/2016 04:05:57] /reload creatureevents
[14/12/2016 04:05:57] /reload talk
[14/12/2016 04:05:58] /reload creatureevents
[14/12/2016 04:05:58] /reload talk
[14/12/2016 04:05:58] /reload creatureevents
[14/12/2016 04:05:59] /m golem
[14/12/2016 04:06:35] /reload talk
[14/12/2016 04:06:36] /reload talk
[14/12/2016 04:06:36] /reload creatureevents
[14/12/2016 04:06:36] /reload talk
[14/12/2016 04:06:36] /reload creatureevents
[14/12/2016 04:06:36] /reload talk
[14/12/2016 04:06:36] /reload creatureevents
[14/12/2016 04:06:37] /reload talk
[14/12/2016 04:06:37] /reload creatureevents
[14/12/2016 04:06:37] /reload talk
[14/12/2016 04:06:37] /reload creatureevents
[14/12/2016 04:06:37] /reload talk
[14/12/2016 04:06:37] /reload creatureevents
[14/12/2016 04:06:37] /reload creatureevents
[14/12/2016 04:06:37] /reload creatureevents
[14/12/2016 04:06:38] /reload creatureevents
[14/12/2016 04:06:38] /reload creatureevents
[14/12/2016 04:06:38] /reload creatureevents
[14/12/2016 04:06:43] /m golem
[14/12/2016 04:07:00] /m meganium
[14/12/2016 04:10:16] /reload creatureevents
[14/12/2016 04:10:16] /reload talk
[14/12/2016 04:10:18] /m golem
[14/12/2016 04:10:31] /m golem
[14/12/2016 04:10:39] /m golem
[14/12/2016 04:10:54] /r
[14/12/2016 04:11:19] /reload talk
[14/12/2016 04:11:19] /reload creatureevents
[14/12/2016 04:11:24] /m golem
[14/12/2016 04:11:25] /m golem
[14/12/2016 04:12:51] /reload talk
[14/12/2016 04:12:51] /reload creatureevents
[14/12/2016 04:12:56] /reload talk
[14/12/2016 04:12:56] /reload creatureevents
[14/12/2016 04:13:19] /reload talk
[14/12/2016 04:13:19] /reload creatureevents
[14/12/2016 04:13:24] /m golem
[14/12/2016 04:13:42] /m golem
[14/12/2016 04:14:02] /m golem
[14/12/2016 04:14:02] /m golem
[14/12/2016 04:15:36] /reload talk
[14/12/2016 04:15:36] /reload creatureevents
[14/12/2016 04:15:39] /m golem
[14/12/2016 04:18:31] /reload talk
[14/12/2016 04:18:31] /reload creatureevents
[14/12/2016 04:18:33] /reload talk
[14/12/2016 04:18:33] /reload creatureevents
[14/12/2016 04:18:33] /reload talk
[14/12/2016 04:18:33] /reload creatureevents
[14/12/2016 04:18:49] /reload talk
[14/12/2016 04:18:50] /reload creatureevents
[14/12/2016 04:19:03] /reload talk
[14/12/2016 04:19:03] /reload creatureevents
[14/12/2016 04:19:15] /reload creatureevents
[14/12/2016 04:19:16] /reload talk
[14/12/2016 04:19:17] /reload creatureevents
[14/12/2016 04:19:17] /reload talk
[14/12/2016 04:19:17] /reload creatureevents
[14/12/2016 04:19:17] /reload talk
[14/12/2016 04:19:18] /reload creatureevents
[14/12/2016 04:19:18] /reload talk
[14/12/2016 04:19:18] /reload creatureevents
[14/12/2016 04:19:19] /m golem
[14/12/2016 04:19:41] /r
[14/12/2016 04:19:43] /m tyranitar
[14/12/2016 04:20:11] /r
[14/12/2016 04:20:58] /reload talk
[14/12/2016 04:20:58] /reload creatureevents
[14/12/2016 04:21:00] /m golem
[14/12/2016 04:22:45] /reload talk
[14/12/2016 04:22:45] /reload creatureevents
[14/12/2016 04:22:56] /reload talk
[14/12/2016 04:22:57] /reload creatureevents
[14/12/2016 04:22:58] /reload talk
[14/12/2016 04:22:58] /reload creatureevents
[14/12/2016 04:23:28] /reload talk
[14/12/2016 04:23:28] /reload creatureevents
[14/12/2016 04:23:28] /reload talk
[14/12/2016 04:23:28] /reload creatureevents
[14/12/2016 04:23:37] /r
[14/12/2016 04:23:39] /r
[14/12/2016 04:24:00] /reload talk
[14/12/2016 04:24:01] /reload creatureevents
[14/12/2016 04:24:03] /m golem
[14/12/2016 04:24:13] /r
[14/12/2016 04:25:23] /reload talk
[14/12/2016 04:25:24] /reload creatureevents
[14/12/2016 04:25:26] /m golem
[14/12/2016 04:26:58] /reload talk
[14/12/2016 04:26:58] /reload creatureevents
[14/12/2016 04:27:00] /m golem
[14/12/2016 04:27:15] /reload talk
[14/12/2016 04:27:16] /reload creatureevents
[14/12/2016 04:27:17] /reload talk
[14/12/2016 04:27:17] /reload creatureevents
[14/12/2016 04:29:46] /reload creatureevents
[14/12/2016 04:29:46] /reload talk
[14/12/2016 04:29:48] /m golem
[14/12/2016 04:30:33] /reload talk
[14/12/2016 04:30:35] /reload creatureevents
[14/12/2016 04:32:00] /reload talk
[14/12/2016 04:32:01] /reload creatureevents
[14/12/2016 04:35:44] /reload talk
[14/12/2016 04:35:44] /reload creatureevents
[14/12/2016 04:35:44] /reload talk
[14/12/2016 04:35:44] /reload creatureevents
[14/12/2016 04:35:45] /reload talk
[14/12/2016 04:35:45] /reload creatureevents
[14/12/2016 04:35:45] /reload talk
[14/12/2016 04:35:45] /reload creatureevents
[14/12/2016 04:35:47] /m golem
[14/12/2016 04:36:10] /reload talk
[14/12/2016 04:36:10] /reload creatureevents
[14/12/2016 04:36:11] /reload talk
[14/12/2016 04:36:11] /reload creatureevents
[14/12/2016 04:36:11] /reload talk
[14/12/2016 04:36:11] /reload creatureevents
[14/12/2016 04:36:11] /reload talk
[14/12/2016 04:36:11] /reload creatureevents
[14/12/2016 04:36:13] /reload creatureevents
[14/12/2016 04:36:14] /reload talk
[14/12/2016 04:36:14] /reload creatureevents
[14/12/2016 04:36:14] /reload talk
[14/12/2016 04:36:15] /reload creatureevents
[14/12/2016 04:36:32] /m golem
[14/12/2016 04:37:37] /reload talk
[14/12/2016 04:37:37] /reload creatureevents
[14/12/2016 04:37:41] /reload talk
[14/12/2016 04:37:41] /reload creatureevents
[14/12/2016 04:37:42] /reload creatureevents
[14/12/2016 04:37:42] /reload talk
[14/12/2016 04:37:42] /reload creatureevents
[14/12/2016 04:37:42] /reload talk
[14/12/2016 04:37:42] /reload creatureevents
[14/12/2016 04:37:46] /m golem
[14/12/2016 04:37:58] /r
[14/12/2016 04:38:00] /r
[14/12/2016 04:38:21] /reload talk
[14/12/2016 04:38:22] /reload talk
[14/12/2016 04:38:22] /reload talk
[14/12/2016 04:38:24] /reload talk
[14/12/2016 04:38:24] /reload talk
[14/12/2016 04:38:31] /m golem
[14/12/2016 04:38:45] /r
[14/12/2016 04:39:10] /reload talk
[14/12/2016 04:39:10] /reload creatureevents
[14/12/2016 04:39:11] /reload creatureevents
[14/12/2016 04:39:12] /reload talk
[14/12/2016 04:39:14] /m golem
[14/12/2016 04:39:24] /r
[14/12/2016 04:39:50] /reload talk
[14/12/2016 04:39:50] /reload creatureevents
[14/12/2016 04:39:52] /m golem
[14/12/2016 04:40:08] /r
[14/12/2016 04:42:24] /reload talk
[14/12/2016 04:42:26] /m golem
[14/12/2016 04:43:26] /reload talk
[14/12/2016 04:43:26] /reload creatureevents
[14/12/2016 04:43:27] /reload talk
[14/12/2016 04:43:27] /reload creatureevents
[14/12/2016 04:44:12] /r
[14/12/2016 04:45:49] /reload talk
[14/12/2016 04:45:49] /reload creatureevents
[14/12/2016 04:45:49] /reload talk
[14/12/2016 04:45:50] /reload creatureevents
[14/12/2016 04:45:51] /m golem
[14/12/2016 04:46:01] /r
[14/12/2016 04:46:41] /reload talk
[14/12/2016 04:46:42] /reload talk
[14/12/2016 04:46:42] /reload creatureevents
[14/12/2016 04:46:42] /reload talk
[14/12/2016 04:46:43] /reload creatureevents
[14/12/2016 04:46:43] /reload talk
[14/12/2016 04:46:43] /reload creatureevents
[14/12/2016 04:46:43] /reload talk
[14/12/2016 04:46:43] /reload creatureevents
[14/12/2016 04:46:43] /reload creatureevents
[14/12/2016 04:46:44] /reload talk
[14/12/2016 04:46:45] /m golem
[14/12/2016 04:47:32] /reload talk
[14/12/2016 04:47:34] /reload creatureevents
[14/12/2016 04:47:36] /m golem
[14/12/2016 04:47:51] /reload talk
[14/12/2016 04:47:52] /reload talk
[14/12/2016 04:47:52] /reload talk
[14/12/2016 04:47:52] /reload creatureevents
[14/12/2016 04:47:53] /reload talk
[14/12/2016 04:47:53] /reload creatureevents
[14/12/2016 04:47:53] /reload talk
[14/12/2016 04:47:53] /reload creatureevents
[14/12/2016 04:47:53] /reload talk
[14/12/2016 04:47:53] /reload creatureevents
[14/12/2016 04:47:53] /reload talk
[14/12/2016 04:47:53] /reload creatureevents
[14/12/2016 04:47:54] /reload talk
[14/12/2016 04:47:54] /reload creatureevents
[14/12/2016 04:47:54] /reload talk
[14/12/2016 04:47:54] /reload creatureevents
[14/12/2016 04:47:54] /reload talk
[14/12/2016 04:47:54] /reload creatureevents
[14/12/2016 04:47:54] /reload talk
[14/12/2016 04:47:54] /reload creatureevents
[14/12/2016 04:47:54] /reload talk
[14/12/2016 04:47:55] /reload creatureevents
[14/12/2016 04:47:57] /reload talk
[14/12/2016 04:47:58] /reload creatureevents
[14/12/2016 04:48:36] /reload talk
[14/12/2016 04:48:37] /reload talk
[14/12/2016 04:48:37] /reload talk
[14/12/2016 04:48:38] /reload creatureevents
[14/12/2016 04:48:38] /reload talk
[14/12/2016 04:48:38] /reload creatureevents
[14/12/2016 04:48:38] /reload talk
[14/12/2016 04:48:38] /reload creatureevents
[14/12/2016 04:48:38] /reload talk
[14/12/2016 04:48:39] /reload creatureevents
[14/12/2016 04:48:39] /reload talk
[14/12/2016 04:48:39] /reload creatureevents
[14/12/2016 04:48:44] /m golem
[14/12/2016 04:48:55] /r
[14/12/2016 04:49:16] /reload talk
[14/12/2016 04:49:16] /reload creatureevents
[14/12/2016 04:49:17] /reload talk
[14/12/2016 04:49:17] /reload creatureevents
[14/12/2016 04:49:17] /reload talk
[14/12/2016 04:49:17] /reload creatureevents
[14/12/2016 04:49:19] /m golem
[14/12/2016 04:49:43] /reload talk
[14/12/2016 04:49:44] /reload talk
[14/12/2016 04:49:44] /reload creatureevents
[14/12/2016 04:49:44] /reload talk
[14/12/2016 04:49:45] /reload creatureevents
[14/12/2016 04:49:45] /reload talk
[14/12/2016 04:49:45] /reload creatureevents
[14/12/2016 04:49:45] /reload talk
[14/12/2016 04:49:46] /reload creatureevents
[14/12/2016 04:50:08] /m golem
[14/12/2016 04:50:11] /r
[14/12/2016 04:50:24] /m golem
[14/12/2016 04:51:32] /reload talk
[14/12/2016 04:51:33] /reload creatureevents
[14/12/2016 04:51:33] /reload talk
[14/12/2016 04:51:33] /reload creatureevents
[14/12/2016 04:51:35] /m golem
[14/12/2016 04:52:07] /m golem
[14/12/2016 04:52:47] /m sandslash
[14/12/2016 04:53:20] /m golem
[14/12/2016 04:53:32] /m golem
[14/12/2016 04:53:57] /m golem
[14/12/2016 04:54:35] /m golem
[14/12/2016 04:54:38] /m politoed
[14/12/2016 04:55:23] /m tyranitar
[14/12/2016 04:55:24] /m golem
[14/12/2016 04:55:27] /m sandslash
[14/12/2016 04:55:29] /m rattata
[14/12/2016 04:55:52] /i charizardite
[14/12/2016 04:55:53] /i charizardite x
[14/12/2016 04:55:56] /i charizardite y
[14/12/2016 04:56:00] /i charizardite y
[14/12/2016 04:56:08] /m golem
[14/12/2016 04:56:26] /m golem
[14/12/2016 04:56:44] /m golem
[14/12/2016 04:58:25] /reload talk
[14/12/2016 04:58:26] /reload creatureevents
[14/12/2016 04:58:26] /reload talk
[14/12/2016 04:58:26] /reload creatureevents
[14/12/2016 04:58:26] /reload talk
[14/12/2016 04:58:27] /reload creatureevents
[14/12/2016 04:58:32] /m golem
[14/12/2016 04:59:12] /reload creatureevents
[14/12/2016 04:59:12] /reload talk
[14/12/2016 04:59:13] /reload creatureevents
[14/12/2016 04:59:13] /reload talk
[14/12/2016 04:59:13] /reload creatureevents
[14/12/2016 04:59:15] /m golem
[14/12/2016 05:02:19] /reload talk
[14/12/2016 05:02:19] /reload creatureevents
[14/12/2016 05:02:20] /reload creatureevents
[14/12/2016 05:02:20] /reload talk
[14/12/2016 05:02:20] /reload creatureevents
[14/12/2016 05:03:16] /reload talk
[14/12/2016 05:03:16] /reload creatureevents
[14/12/2016 05:03:31] /m golem
[14/12/2016 05:03:55] /m golem
[14/12/2016 05:04:05] /m golem
[14/12/2016 05:04:35] /m teste
[14/12/2016 05:05:10] /reload talk
[14/12/2016 14:07:07] /i charizardite x
[14/12/2016 14:07:25] /m golem
[14/12/2016 14:10:40] /reload creatureevents
[14/12/2016 14:10:40] /reload talk
[14/12/2016 14:10:45] /m golem
[14/12/2016 14:10:57] /r
[14/12/2016 14:12:07] /reload creatureevents
[14/12/2016 14:12:07] /reload talk
[14/12/2016 14:12:09] /m golem
[14/12/2016 14:13:48] /reload creatureevents
[14/12/2016 14:13:48] /reload talk
[14/12/2016 14:13:48] /reload creatureevents
[14/12/2016 14:13:48] /reload talk
[14/12/2016 14:13:48] /reload creatureevents
[14/12/2016 14:13:49] /reload talk
[14/12/2016 14:13:49] /reload creatureevents
[14/12/2016 14:14:11] /reload creatureevents
[14/12/2016 14:14:11] /reload talk
[14/12/2016 14:14:13] /reload creatureevents
[14/12/2016 14:14:13] /reload talk
[14/12/2016 14:14:13] /reload creatureevents
[14/12/2016 14:14:13] /reload talk
[14/12/2016 14:14:14] /reload creatureevents
[14/12/2016 14:14:59] /reload talk
[14/12/2016 14:15:00] /reload creatureevents
[14/12/2016 14:15:01] /reload talk
[14/12/2016 14:15:55] /reload creatureevents
[14/12/2016 14:15:56] /reload talk
[14/12/2016 14:15:58] /m golem
[14/12/2016 14:16:04] /reload creatureevents
[14/12/2016 14:16:05] /reload talk
[14/12/2016 14:16:05] /reload creatureevents
[14/12/2016 14:16:05] /reload talk
[14/12/2016 14:16:06] /reload creatureevents
[14/12/2016 14:16:06] /reload talk
[14/12/2016 14:16:06] /reload creatureevents
[14/12/2016 14:16:06] /reload talk
[14/12/2016 14:16:06] /reload creatureevents
[14/12/2016 14:16:06] /reload talk
[14/12/2016 14:16:06] /reload creatureevents
[14/12/2016 14:16:20] /r
[14/12/2016 14:16:23] /reload creatureevents
[14/12/2016 14:16:24] /reload talk
[14/12/2016 14:16:24] /reload creatureevents
[14/12/2016 14:16:24] /reload talk
[14/12/2016 14:17:32] /reload talk
[14/12/2016 14:17:33] /reload creatureevents
[14/12/2016 14:17:33] /reload talk
[14/12/2016 14:17:33] /reload creatureevents
[14/12/2016 14:17:35] /m golem
[14/12/2016 14:18:33] /reload creatureevents
[14/12/2016 14:18:33] /reload talk
[14/12/2016 14:18:33] /reload creatureevents
[14/12/2016 14:20:38] /reload talk
[14/12/2016 14:20:39] /reload creatureevents
[14/12/2016 14:20:39] /reload talk
[14/12/2016 14:20:40] /reload creatureevents
[14/12/2016 14:20:50] /reload talk
[14/12/2016 14:20:56] /r
[14/12/2016 14:21:09] /reload creatureevents
[14/12/2016 14:21:10] /reload talk
[14/12/2016 14:21:10] /reload creatureevents
[14/12/2016 14:21:10] /reload talk
[14/12/2016 14:21:14] /reload creatureevents
[14/12/2016 14:21:14] /reload creatureevents
[14/12/2016 14:21:14] /reload creatureevents
[14/12/2016 14:21:14] /reload creatureevents
[14/12/2016 14:21:14] /reload creatureevents
[14/12/2016 14:21:16] /reload talk
[14/12/2016 14:21:19] /m golem
[14/12/2016 14:22:12] /reload creatureevents
[14/12/2016 14:22:12] /reload talk
[14/12/2016 14:22:12] /reload creatureevents
[14/12/2016 14:22:12] /reload talk
[14/12/2016 14:22:13] /reload creatureevents
[14/12/2016 14:22:17] /m golem
[14/12/2016 14:22:26] /m golem
[14/12/2016 14:25:37] /reload talk
[14/12/2016 14:25:38] /reload creatureevents
[14/12/2016 14:25:38] /reload talk
[14/12/2016 14:25:39] /reload creatureevents
[14/12/2016 14:25:40] /m golem
[14/12/2016 14:27:36] /reload creatureevents
[14/12/2016 14:27:36] /reload talk
[14/12/2016 14:27:42] /m golem
[14/12/2016 14:31:26] /m golem
[14/12/2016 14:31:37] /m golem
[14/12/2016 14:34:16] /reload creatureevents
[14/12/2016 14:34:17] /reload talk
[14/12/2016 14:34:19] /m golem
[14/12/2016 14:34:28] /reload talk
[14/12/2016 14:34:48] /reload talk
[14/12/2016 14:34:49] /reload creatureevents
[14/12/2016 14:34:49] /reload talk
[14/12/2016 14:34:49] /reload creatureevents
[14/12/2016 14:37:04] /m golem
[14/12/2016 14:37:54] /i blazikanite
[14/12/2016 14:37:59] /i blazikenite
[14/12/2016 14:38:05] /m golem
[14/12/2016 14:51:33] /reload talk
[14/12/2016 14:51:33] /reload creatureevents
[14/12/2016 14:51:39] /m golem
[14/12/2016 14:52:53] /reload creatureevents
[14/12/2016 14:52:54] /reload talk
[14/12/2016 14:52:54] /reload creatureevents
[14/12/2016 14:52:56] /m golem
[14/12/2016 14:53:22] /reload creatureevents
[14/12/2016 14:53:22] /reload talk
[14/12/2016 14:53:22] /reload creatureevents
[14/12/2016 14:53:23] /reload talk
[14/12/2016 14:53:23] /reload creatureevents
[14/12/2016 14:53:23] /reload talk
[14/12/2016 14:53:23] /reload creatureevents
[14/12/2016 14:53:23] /reload talk
[14/12/2016 14:53:23] /reload creatureevents
[14/12/2016 14:53:24] /reload talk
[14/12/2016 14:53:24] /reload talk
[14/12/2016 14:53:24] /reload talk
[14/12/2016 14:53:24] /reload creatureevents
[14/12/2016 14:53:25] /reload creatureevents
[14/12/2016 14:53:25] /reload talk
[14/12/2016 14:53:26] /reload talk
[14/12/2016 14:53:26] /reload talk
[14/12/2016 14:53:27] /reload creatureevents
[14/12/2016 14:53:30] /m golem
[14/12/2016 14:54:16] /m golem
[14/12/2016 14:55:28] /reload creatureevents
[14/12/2016 14:55:29] /reload talk
[14/12/2016 14:55:29] /reload creatureevents
[14/12/2016 14:55:31] /m golem
[14/12/2016 14:56:12] /i charizardite x
[14/12/2016 14:56:25] /m golem
[14/12/2016 14:56:47] /m golem
[14/12/2016 14:58:18] /reload creatureevents
[14/12/2016 14:58:18] /reload talk
[14/12/2016 15:01:08] /m alakazam
[14/12/2016 15:01:14] /m sableye
[14/12/2016 15:01:43] /m shiny espeon
[14/12/2016 15:01:51] /m shiny umbreon
[14/12/2016 15:02:09] /m golem
[14/12/2016 15:05:56] /i metal stone
[14/12/2016 15:05:57] /i metal stone
[14/12/2016 15:05:57] /i metal stone
[14/12/2016 15:13:09] /m shiny espeon
[14/12/2016 15:13:56] /m golem
[14/12/2016 15:14:04] /m golem
[14/12/2016 15:15:11] /m blastoise
[14/12/2016 15:16:38] /reload creatureevents
[14/12/2016 15:16:39] /reload talk
[14/12/2016 15:16:40] /m golem
[14/12/2016 15:19:49] /reload talk
[14/12/2016 15:19:50] /reload creatureevents
[14/12/2016 15:19:50] /reload talk
[14/12/2016 15:19:50] /reload creatureevents
[14/12/2016 15:19:51] /m golem
[14/12/2016 15:20:40] /reload creatureevents
[14/12/2016 15:20:41] /reload talk
[14/12/2016 15:20:41] /reload creatureevents
[14/12/2016 15:20:42] /m golem
[14/12/2016 15:24:52] /reload creatureevents
[14/12/2016 15:24:52] /reload talk
[14/12/2016 15:24:54] /m golem
[14/12/2016 15:27:45] /m golem
[14/12/2016 15:27:58] /m machamp
[14/12/2016 15:31:04] /reload talk
[14/12/2016 15:31:04] /reload creatureevents
[14/12/2016 15:31:08] /m machamp
[14/12/2016 15:31:47] /reload talk
[14/12/2016 15:31:48] /reload creatureevents
[14/12/2016 15:32:59] /reload talk
[14/12/2016 15:32:59] /reload creatureevents
[14/12/2016 15:34:30] /save
[14/12/2016 15:34:44] /m sandslash
[14/12/2016 15:34:48] /m cubone
[14/12/2016 15:39:18] /m scizo
[14/12/2016 15:39:19] /m scizor
[14/12/2016 15:39:20] /m scizor
[14/12/2016 15:44:09] /m grandbull
[14/12/2016 15:44:13] /m clefable
[14/12/2016 15:45:11] /m golem
[14/12/2016 15:45:24] /m teste
[14/12/2016 15:45:55] /m electabuzz
[14/12/2016 15:46:21] /m golem
[14/12/2016 15:46:23] /m blastoise
[14/12/2016 15:48:18] /m tyranitar
[14/12/2016 15:48:20] /m pupitar
[14/12/2016 15:48:22] /m larvitar
[14/12/2016 15:48:26] /r
[14/12/2016 15:50:28] /reload talk
[14/12/2016 15:50:28] /reload creatureevents
[14/12/2016 15:52:10] /reload talk
[14/12/2016 15:52:10] /reload creatureevents
[14/12/2016 15:52:39] /reload talk
[14/12/2016 15:52:40] /reload creatureevents
[14/12/2016 15:53:09] /reload talk
[14/12/2016 15:53:10] /reload creatureevents
[14/12/2016 15:53:56] /reload talk
[14/12/2016 15:53:56] /reload creatureevents
[14/12/2016 15:54:26] /reload creatureevents
[14/12/2016 15:54:27] /reload talk
[14/12/2016 15:54:50] /reload creatureevents
[14/12/2016 15:54:51] /reload talk
[14/12/2016 15:54:54] /m golem
[14/12/2016 15:56:38] /reload creatureevents
[14/12/2016 15:56:39] /reload talk
[14/12/2016 15:57:05] /reload talk
[14/12/2016 15:57:18] /attr health, -1000
[14/12/2016 15:57:20] /attr health, -1000
[14/12/2016 15:57:31] /attr set health, -1000
[14/12/2016 15:57:33] /attr set health, -1000
[14/12/2016 15:57:34] /attr set health, -1000
[14/12/2016 15:57:37] /attr set health, -10000
[14/12/2016 15:57:39] /attr set health, -10000
[14/12/2016 15:57:41] /attr set health, -10000
[14/12/2016 15:58:12] /attr health "10
[14/12/2016 15:58:15] /attr health 10
[14/12/2016 15:58:16] /attr health 10
[14/12/2016 15:58:22] /attr health -10000
[14/12/2016 15:58:26] /attr health -2500
[14/12/2016 15:58:28] /attr health -25000
[14/12/2016 15:58:35] /attr health -25000
[14/12/2016 16:00:49] /reload talk
[14/12/2016 16:00:50] /reload creatureevents
[14/12/2016 16:01:17] /reload creatureevents
[14/12/2016 16:01:18] /reload talk
[14/12/2016 16:01:18] /reload creatureevents
[14/12/2016 16:04:57] /reload talk
[14/12/2016 16:04:57] /reload creatureevents
[14/12/2016 16:06:10] /reload creatureevents
[14/12/2016 16:06:10] /reload talk
[14/12/2016 16:06:11] /reload creatureevents
[14/12/2016 16:06:11] /reload talk
[14/12/2016 16:08:34] /reload talk
[14/12/2016 16:08:35] /reload creatureevents
[14/12/2016 16:08:36] /reload talk
[14/12/2016 16:14:12] /reload talk
[14/12/2016 16:14:13] /reload creatureevents
[14/12/2016 16:14:25] /attr set health -25000
[14/12/2016 16:14:27] /attr set health -25000
[14/12/2016 16:14:41] /attr health -25000
[14/12/2016 16:14:58] /reload talk
[14/12/2016 16:14:59] /reload creatureevents
[14/12/2016 16:15:59] /attr health -25000
[14/12/2016 16:16:00] /attr health -25000
[14/12/2016 16:16:04] /attr health -25000
[14/12/2016 16:16:25] /attr health -34992
[14/12/2016 16:16:57] /m golem
[14/12/2016 16:17:03] /r
[14/12/2016 16:19:28] /reload talk
[14/12/2016 16:19:29] /reload creatureevents
[14/12/2016 16:19:41] /reload talk
[14/12/2016 16:19:42] /reload creatureevents
[14/12/2016 16:19:42] /reload talk
[14/12/2016 16:19:45] /m golem
[14/12/2016 16:19:58] /m golem
[14/12/2016 16:20:51] /reload creatureevents
[14/12/2016 16:20:52] /reload talk
[14/12/2016 16:20:53] /m golem
[14/12/2016 16:24:17] /reload talk
[14/12/2016 16:24:17] /reload creatureevents
[14/12/2016 16:24:19] /m golem
[14/12/2016 16:27:04] /reload talk
[14/12/2016 16:27:04] /reload creatureevents
[14/12/2016 16:27:06] /m golem
[14/12/2016 16:27:19] /reload talk
[14/12/2016 16:27:19] /reload creatureevents
[14/12/2016 16:28:27] /reload talk
[14/12/2016 16:28:29] /reload creatureevents
[14/12/2016 16:28:35] /m golem
[14/12/2016 16:28:44] /r
[14/12/2016 16:29:45] /reload talk
[14/12/2016 16:29:46] /reload creatureevents
[14/12/2016 16:29:50] /reload talk
[14/12/2016 16:29:50] /reload creatureevents
[14/12/2016 16:30:31] /reload talk
[14/12/2016 16:30:32] /reload creatureevents
[14/12/2016 16:30:36] /reload talk
[14/12/2016 16:30:37] /reload creatureevents
[14/12/2016 16:31:49] /reload talk
[14/12/2016 16:31:49] /reload creatureevents
[14/12/2016 16:32:04] /reload talk
[14/12/2016 16:32:04] /reload creatureevents
[14/12/2016 16:32:06] /m golem
[14/12/2016 16:33:02] /reload talk
[14/12/2016 16:33:02] /reload creatureevents
[14/12/2016 16:33:04] /m golem
[14/12/2016 16:33:14] /r
[14/12/2016 16:35:10] /reload talk
[14/12/2016 16:35:11] /reload creatureevents
[14/12/2016 16:35:15] /reload talk
[14/12/2016 16:35:16] /reload creatureevents
[14/12/2016 16:35:18] /m golem
[14/12/2016 16:35:29] /r
[14/12/2016 16:35:55] /reload creatureevents
[14/12/2016 16:35:55] /reload talk
[14/12/2016 16:36:03] /m golem
[14/12/2016 16:36:40] /reload creatureevents
[14/12/2016 16:36:40] /reload talk
[14/12/2016 16:36:45] /m golem
[14/12/2016 16:38:19] /reload talk
[14/12/2016 16:38:19] /reload creatureevents
[14/12/2016 16:38:20] /reload talk
[14/12/2016 16:38:20] /reload creatureevents
[14/12/2016 16:38:23] /m golem
[14/12/2016 16:38:31] /m gole,
[14/12/2016 16:38:32] /m golem
[14/12/2016 16:38:41] /m golem
[14/12/2016 16:39:45] /m golem
[14/12/2016 16:39:51] /m golem
[14/12/2016 16:40:09] /m golem
[14/12/2016 16:40:16] /m golem
[14/12/2016 16:40:26] /m golem
[14/12/2016 16:40:32] /m venusaur
[14/12/2016 16:40:53] /m teste
[14/12/2016 16:43:08] /reload talk
[14/12/2016 16:43:08] /reload creatureevents
[14/12/2016 16:44:34] /reload talk
[14/12/2016 16:44:34] /reload creatureevents
[14/12/2016 16:45:05] /reload talk
[14/12/2016 16:45:05] /reload creatureevents
[14/12/2016 16:45:55] /reload talk
[14/12/2016 16:45:55] /reload creatureevents
[14/12/2016 16:46:19] /reload talk
[14/12/2016 16:46:19] /reload creatureevents
[14/12/2016 16:46:48] /reload talk
[14/12/2016 16:46:49] /reload creatureevents
[14/12/2016 16:47:23] /reload talk
[14/12/2016 16:47:23] /reload creatureevents
[14/12/2016 16:49:47] /reload creatureevents
[14/12/2016 16:49:47] /reload talk
[14/12/2016 16:50:04] /reload talk
[14/12/2016 16:50:04] /reload creatureevents
[14/12/2016 16:51:10] /reload talk
[14/12/2016 16:51:10] /reload creatureevents
[14/12/2016 16:51:18] /reload talk
[14/12/2016 16:51:18] /reload creatureevents
[14/12/2016 16:51:18] /reload talk
[14/12/2016 16:51:19] /reload creatureevents
[14/12/2016 16:51:51] /reload talk
[14/12/2016 16:51:52] /reload creatureevents
[14/12/2016 16:51:53] /reload talk
[14/12/2016 16:51:54] /reload creatureevents
[14/12/2016 16:51:57] /reload creatureevents
[14/12/2016 16:51:57] /reload talk
[14/12/2016 16:51:58] /reload creatureevents
[14/12/2016 16:51:58] /reload talk
[14/12/2016 16:53:19] /reload talk
[14/12/2016 16:53:19] /reload creatureevents
[14/12/2016 16:53:20] /reload talk
[14/12/2016 16:53:20] /reload creatureevents
[14/12/2016 16:54:00] /reload talk
[14/12/2016 16:54:00] /reload creatureevents
[14/12/2016 16:54:03] /reload talk
[14/12/2016 16:54:03] /reload creatureevents
[14/12/2016 16:56:15] /reload talk
[14/12/2016 16:56:15] /reload creatureevents
[14/12/2016 17:01:44] /reload talk
[14/12/2016 17:01:44] /reload creatureevents
[14/12/2016 17:01:48] /reload creatureevents
[14/12/2016 17:01:48] /reload creatureevents
[14/12/2016 17:01:48] /reload talk
[14/12/2016 17:01:49] /reload talk
[14/12/2016 17:01:49] /reload creatureevents
[14/12/2016 17:01:49] /reload talk
[14/12/2016 17:01:49] /reload creatureevents
[14/12/2016 17:01:49] /reload talk
[14/12/2016 17:01:49] /reload creatureevents
[14/12/2016 17:01:49] /reload talk
[14/12/2016 17:01:50] /reload creatureevents
[14/12/2016 17:01:52] /m teste
[14/12/2016 17:02:26] /reload creatureevents
[14/12/2016 17:02:26] /reload talk
[14/12/2016 17:02:56] /m golem
[14/12/2016 17:03:27] /reload talk
[14/12/2016 17:03:27] /reload creatureevents
[14/12/2016 17:03:30] /m golem
[14/12/2016 17:03:41] /r
[14/12/2016 17:03:55] /reload talk
[14/12/2016 17:03:56] /reload creatureevents
[14/12/2016 17:03:58] /reload creatureevents
[14/12/2016 17:03:58] /reload talk
[14/12/2016 17:04:00] /m golem
[14/12/2016 17:04:29] /reload talk
[14/12/2016 17:04:29] /reload creatureevents
[14/12/2016 17:04:30] /reload creatureevents
[14/12/2016 17:04:33] /m golem
[14/12/2016 17:04:55] /reload talk
[14/12/2016 17:04:55] /reload creatureevents
[14/12/2016 17:04:57] /m golem
[14/12/2016 17:05:29] /reload talk
[14/12/2016 17:05:30] /reload creatureevents
[14/12/2016 17:06:09] /reload talk
[14/12/2016 17:06:09] /reload creatureevents
[14/12/2016 17:06:12] /m golem
[14/12/2016 17:08:03] /reload talk
[14/12/2016 17:08:03] /reload creatureevents
[14/12/2016 17:08:06] /m golem
[14/12/2016 17:08:21] /reload talk
[14/12/2016 17:08:21] /reload creatureevents
[14/12/2016 17:08:22] /m golem
[14/12/2016 17:09:50] /reload talk
[14/12/2016 17:09:52] /m golem
[14/12/2016 17:10:09] /reload talk
[14/12/2016 17:10:09] /reload creatureevents
[14/12/2016 17:10:11] /m golem
[14/12/2016 17:11:10] /reload talk
[14/12/2016 17:11:10] /reload creatureevents
[14/12/2016 17:11:13] /m tyranitar
[14/12/2016 17:11:56] /reload talk
[14/12/2016 17:11:57] /reload creatureevents
[14/12/2016 17:11:58] /m golem
[14/12/2016 17:12:29] /reload talk
[14/12/2016 17:12:29] /reload creatureevents
[14/12/2016 17:12:29] /reload talk
[14/12/2016 17:12:30] /reload creatureevents
[14/12/2016 17:12:33] /reload talk
[14/12/2016 17:12:33] /reload creatureevents
[14/12/2016 17:12:33] /reload talk
[14/12/2016 17:12:34] /reload creatureevents
[14/12/2016 17:12:35] /m golem
[14/12/2016 17:13:28] /reload talk
[14/12/2016 17:13:28] /reload creatureevents
[14/12/2016 17:13:30] /m golem
[14/12/2016 17:14:36] /m golem
[14/12/2016 17:15:22] /reload talk
[14/12/2016 17:15:22] /reload creatureevents
[14/12/2016 17:15:24] /reload creatureevents
[14/12/2016 17:15:27] /m golem
[14/12/2016 17:16:18] /reload creatureevents
[14/12/2016 17:16:19] /reload talk
[14/12/2016 17:16:21] /m golem
[14/12/2016 17:16:28] /r
[14/12/2016 17:18:42] /reload talk
[14/12/2016 17:18:43] /reload creatureevents
[14/12/2016 17:18:47] /reload talk
[14/12/2016 17:18:47] /reload creatureevents
[14/12/2016 17:18:52] /m golem
[14/12/2016 17:19:00] /r
[14/12/2016 17:19:01] /r
[14/12/2016 17:20:15] /reload talk
[14/12/2016 17:20:15] /reload creatureevents
[14/12/2016 17:20:17] /m golem
[14/12/2016 17:23:04] /reload creatureevents
[14/12/2016 17:23:05] /reload talk
[14/12/2016 17:23:09] /reload creatureevents
[14/12/2016 17:23:09] /reload talk
[14/12/2016 17:23:28] /reload talk
[14/12/2016 17:23:29] /reload creatureevents
[14/12/2016 17:23:30] /reload talk
[14/12/2016 17:23:30] /reload creatureevents
[14/12/2016 17:23:36] /m golemm
[14/12/2016 17:23:38] /m golem
[14/12/2016 17:23:48] /m golem
[14/12/2016 17:24:03] /m golem
[14/12/2016 17:26:22] /reload talk
[14/12/2016 17:26:23] /reload creatureevents
[14/12/2016 17:26:39] /reload talk
[14/12/2016 17:26:39] /reload creatureevents
[14/12/2016 17:27:04] /reload talk
[14/12/2016 17:27:04] /reload creatureevents
[14/12/2016 17:27:14] /reload talk
[14/12/2016 17:27:14] /reload creatureevents
[14/12/2016 17:28:00] /reload creatureevents
[14/12/2016 17:28:01] /reload talk
[14/12/2016 17:28:02] /reload creatureevents
[14/12/2016 17:28:06] /reload talk
[14/12/2016 17:28:06] /reload creatureevents
[14/12/2016 17:28:08] /reload creatureevents
[14/12/2016 17:28:08] /reload talk
[14/12/2016 17:28:50] /reload talk
[14/12/2016 17:28:51] /reload creatureevents
[14/12/2016 17:28:57] /attr heath -30000
[14/12/2016 17:29:05] /attr health -30000
[14/12/2016 17:29:08] /reload creatureevents
[14/12/2016 17:29:08] /reload talk
[14/12/2016 17:30:03] /reload talk
[14/12/2016 17:30:03] /reload creatureevents
[14/12/2016 17:30:16] /attr health -30000
[14/12/2016 17:30:41] /reload talk
[14/12/2016 17:30:42] /reload creatureevents
[14/12/2016 17:33:44] /reload globalevents
[14/12/2016 17:34:39] /reload talk
[14/12/2016 17:34:43] /reload globaleevents
[14/12/2016 17:34:47] /reload globalevents
[14/12/2016 17:49:23] /reload talk
[14/12/2016 17:49:24] /reload creatureevents
[14/12/2016 17:49:30] /m gengar
[14/12/2016 17:51:07] /reload talk
[14/12/2016 17:51:07] /reload creatureevents
[14/12/2016 17:51:10] /reload creatureevents
[14/12/2016 17:51:10] /reload talk
[14/12/2016 17:53:39] /reload talk
[14/12/2016 17:53:40] /reload creatureevents
[14/12/2016 17:54:11] /i traces of ghost
[14/12/2016 17:56:42] /reload talk
[14/12/2016 17:56:42] /reload creatureevents
[14/12/2016 18:08:17] /reload talk
[14/12/2016 18:08:17] /reload creatureevents
[14/12/2016 18:08:26] /reload talk
[14/12/2016 18:08:26] /reload creatureevents
[14/12/2016 18:08:28] /reload creatureevents
[14/12/2016 18:08:29] /reload talk
[14/12/2016 18:09:06] /i water stone
[14/12/2016 18:09:07] /i water stone
[14/12/2016 18:09:07] /i water stone
[14/12/2016 18:09:34] /reload creatureevents
[14/12/2016 18:09:34] /reload talk
[14/12/2016 18:09:36] /reload actions
[14/12/2016 18:09:40] /reload movements
[14/12/2016 18:11:17] /i leaf stone
[14/12/2016 18:11:17] /i leaf stone
[14/12/2016 18:11:18] /i leaf stone
[14/12/2016 18:11:18] /i leaf stone
[14/12/2016 18:12:36] /reload talk
[14/12/2016 18:12:37] /reload creatureevents
[14/12/2016 18:12:38] /reload talk
[14/12/2016 18:12:38] /reload creatureevents
[14/12/2016 18:12:57] /reload talk
[14/12/2016 18:12:58] /reload creatureevents
[14/12/2016 18:12:58] /reload creatureevents
[14/12/2016 18:12:59] /reload talk
[14/12/2016 18:14:54] /reload creatureevents
[14/12/2016 18:14:54] /reload talk
[14/12/2016 18:15:07] /reload talk
[14/12/2016 18:15:07] /reload creatureevents
[14/12/2016 18:15:17] /n anickchange
[14/12/2016 18:15:21] /n achangenick
[14/12/2016 18:15:30] /i 2160
[14/12/2016 18:16:20] /i x-attack(tier: 7)
[14/12/2016 18:16:26] /i x-attack (tier: 7)
[14/12/2016 18:21:12] /reload creatureevents
[14/12/2016 18:21:13] /reload talk
[14/12/2016 18:22:00] /reload talk
[14/12/2016 18:22:01] /reload creatureevents
[14/12/2016 18:22:40] /reload talk
[14/12/2016 18:22:53] /i 12204
[14/12/2016 18:23:02] /n hugh
[14/12/2016 18:23:36] /i 12204
[14/12/2016 18:26:01] /n hugh
[14/12/2016 18:26:08] /i 12441
[14/12/2016 18:26:11] /m gengar
[14/12/2016 18:27:26] /m gengar
[14/12/2016 18:27:35] /m gengar
[14/12/2016 18:27:54] /reload npc
[14/12/2016 18:27:55] /m golem
[14/12/2016 18:28:04] /m gengar
[14/12/2016 18:28:05] /m gengar
[14/12/2016 18:28:06] /m gengar
[14/12/2016 18:28:19] /i 12240
[14/12/2016 18:28:25] /i 12204
[14/12/2016 18:28:34] /n hugh
[14/12/2016 18:31:47] /reload npc
[14/12/2016 18:34:07] /reload npc
[14/12/2016 18:34:07] /reload talk
[14/12/2016 18:34:08] /reload creatureevents
[14/12/2016 18:35:01] /n hught
[14/12/2016 18:35:03] /n hugh
[14/12/2016 18:35:07] /i 12204
[14/12/2016 18:37:19] /reload creatureevents
[14/12/2016 18:37:19] /reload talk
[14/12/2016 18:37:23] /reload npc
[14/12/2016 18:43:24] /reload npc
[14/12/2016 18:44:47] /n hugh
[14/12/2016 18:44:49] /i 12204
[14/12/2016 18:45:15] /i 12204
[14/12/2016 18:53:41] /n hugh
[14/12/2016 18:53:43] /i 12204
[14/12/2016 18:54:46] /reload creatureevents
[14/12/2016 18:54:46] /reload talk
[14/12/2016 18:54:48] /reload npc
[14/12/2016 18:55:52] /i 2160
[14/12/2016 18:56:24] /i 12204
[14/12/2016 19:01:04] /i brunch of wheat
[14/12/2016 19:01:10] /i bottle of poison
[14/12/2016 19:59:05] /newtype 2040
[14/12/2016 19:59:59] /m golem
[14/12/2016 20:08:17] /i 14128
[14/12/2016 20:09:44] /i 8841
[14/12/2016 20:10:05] /i 7477
[14/12/2016 20:10:46] /i 12363
[14/12/2016 20:10:53] /i 12636
[14/12/2016 20:11:14] /reload actions
[14/12/2016 20:12:04] /reload actions
[14/12/2016 20:12:05] /reload actions
[14/12/2016 20:12:26] /reload actions
[14/12/2016 20:13:20] /reload actions
[14/12/2016 20:13:28] /newtype 1600
[14/12/2016 20:13:51] /i 12192
[14/12/2016 20:13:55] /i 12196
[14/12/2016 20:14:59] /reload actions
[14/12/2016 20:15:01] /reload talk
[14/12/2016 20:16:13] /reload actions
[14/12/2016 20:18:57] /reload talk
[14/12/2016 20:18:58] /reload creatureevents
[14/12/2016 20:19:01] /reload actions
[14/12/2016 20:24:03] /reload talk
[14/12/2016 20:24:03] /reload creatureevents
[14/12/2016 20:24:06] /reload actions
[14/12/2016 20:24:38] /reload actions
[14/12/2016 20:27:24] /reload creatureevents
[14/12/2016 20:27:24] /reload talk
[14/12/2016 20:27:26] /reload actions
[14/12/2016 20:31:45] /reload talk
[14/12/2016 20:31:46] /reload creatureevents
[14/12/2016 20:31:49] /reload actions
[14/12/2016 20:34:01] /reload creatureevents
[14/12/2016 20:34:02] /reload talk
[14/12/2016 20:34:04] /reload actions
[14/12/2016 20:35:30] /reload talk
[14/12/2016 20:35:30] /reload creatureevents
[14/12/2016 20:35:32] /reload actions
[14/12/2016 20:35:39] /reload talk
[14/12/2016 20:35:40] /reload creatureevents
[14/12/2016 20:35:42] /reload actions
[14/12/2016 20:36:22] /reload creatureevents
[14/12/2016 20:36:23] /reload talk
[14/12/2016 20:36:25] /reload actions
[14/12/2016 20:43:27] /i 14876
[14/12/2016 20:43:37] /m shiny speon
[14/12/2016 20:43:38] /m shiny speon
[14/12/2016 20:43:42] /m shiny espeon
[14/12/2016 20:43:42] /m shiny espeon
[14/12/2016 20:43:42] /m shiny espeon
[14/12/2016 20:43:43] /m shiny espeon
[14/12/2016 20:43:43] /m shiny espeon
[14/12/2016 20:45:11] /i 205
[14/12/2016 20:45:15] /newtype 205
[14/12/2016 20:45:31] /i 12344
[14/12/2016 20:57:43] /i 12636
[14/12/2016 21:00:12] /reload actions
[14/12/2016 21:01:15] /reload actions
[14/12/2016 21:02:04] /reload creatureevents
[14/12/2016 21:02:05] /reload talk
[14/12/2016 21:02:07] /reload actions
[14/12/2016 21:02:57] /reload actions
[14/12/2016 21:03:43] /reload actions
[14/12/2016 21:03:44] /reload creatureevents
[14/12/2016 21:03:44] /reload talk
[14/12/2016 21:05:07] /reload actions
[14/12/2016 21:05:24] /reload actions
[14/12/2016 21:11:00] /reload creatureevents
[14/12/2016 21:11:00] /reload talk
[14/12/2016 21:11:03] /reload actions
[14/12/2016 21:11:53] /reload creatureevents
[14/12/2016 21:11:54] /reload talk
[14/12/2016 21:11:57] /reload actions
[14/12/2016 21:12:24] /reload actions
[14/12/2016 21:13:20] /reload creatureevents
[14/12/2016 21:13:21] /reload talk
[14/12/2016 21:13:24] /reload actions
[14/12/2016 21:13:32] /m golem
[14/12/2016 21:14:03] /reload actions
[14/12/2016 21:14:41] /reload creatureevents
[14/12/2016 21:14:41] /reload talk
[14/12/2016 21:14:43] /reload actions
[14/12/2016 21:17:24] /reload creatureevents
[14/12/2016 21:17:24] /reload talk
[14/12/2016 21:17:25] /reload creatureevents
[14/12/2016 21:17:38] /reload creatureevents
[14/12/2016 21:28:30] /n hugh
[14/12/2016 21:30:56] /town 2
[14/12/2016 21:33:59] /town 1
[14/12/2016 21:34:02] /a 100
[14/12/2016 21:34:04] /a 10
[14/12/2016 21:53:47] /m xatu
[14/12/2016 21:54:03] /m golem
[14/12/2016 21:56:06] /reload creatureevents
[14/12/2016 21:56:07] /reload talk
[14/12/2016 21:56:09] /m golem
[14/12/2016 22:14:08] /reload creatureevents
[14/12/2016 22:14:08] /reload talk
[14/12/2016 22:14:12] /m golem
[14/12/2016 22:16:18] /reload talk
[14/12/2016 22:16:19] /reload creatureevents
[14/12/2016 22:17:00] /m golem
[14/12/2016 22:17:09] /m golem
[14/12/2016 22:17:23] /reload creatureevents
[14/12/2016 22:17:23] /reload talk
[14/12/2016 22:17:25] /m golem
[14/12/2016 22:18:06] /reload creatureevents
[14/12/2016 22:18:07] /reload talk
[14/12/2016 22:18:09] /m golem
[14/12/2016 22:20:30] /reload creatureevents
[14/12/2016 22:20:30] /reload talk
[14/12/2016 22:20:35] /m golem
[14/12/2016 22:23:45] /reload creatureevents
[14/12/2016 22:23:46] /reload talk
[14/12/2016 22:23:48] /m golem
[14/12/2016 22:23:59] /reload talk
[14/12/2016 22:24:00] /reload creatureevents
[14/12/2016 22:24:01] /reload talk
[14/12/2016 22:24:02] /reload creatureevents
[14/12/2016 22:24:02] /reload talk
[14/12/2016 22:24:02] /reload creatureevents
[14/12/2016 22:24:31] /reload talk
[14/12/2016 22:24:31] /reload creatureevents
[14/12/2016 22:24:32] /reload talk
[14/12/2016 22:24:32] /reload creatureevents
[14/12/2016 22:24:34] /m golem
[14/12/2016 22:24:47] /reload creatureevents
[14/12/2016 22:24:47] /reload talk
[14/12/2016 22:24:48] /reload creatureevents
[14/12/2016 22:24:48] /reload talk
[14/12/2016 22:24:53] /m golem
[14/12/2016 22:25:15] /m golem
[14/12/2016 22:25:30] /reload talk
[14/12/2016 22:25:30] /reload creatureevents
[14/12/2016 22:25:31] /reload talk
[14/12/2016 22:25:31] /reload creatureevents
[14/12/2016 22:25:33] /m golem
[14/12/2016 22:26:51] /reload creatureevents
[14/12/2016 22:26:51] /reload talk
[14/12/2016 22:26:55] /m golem
[14/12/2016 22:27:53] /m golem
[14/12/2016 22:28:32] /m golem
[14/12/2016 22:28:45] /m teste
[14/12/2016 22:29:18] /reload talk
[14/12/2016 22:33:52] /m golem
[14/12/2016 22:34:02] /m golem
[14/12/2016 22:34:27] /m golem
[14/12/2016 22:34:28] /m golem
[14/12/2016 22:34:28] /m golem
[15/12/2016 00:12:15] /i pokedex
[15/12/2016 00:58:29] /reload creaturescripts
[15/12/2016 00:59:42] /reload actions
[15/12/2016 00:59:57] /i 7385
[15/12/2016 01:00:16] /i 3896
[15/12/2016 01:01:21] /i "11462
[15/12/2016 01:01:25] /i 11462
[15/12/2016 01:01:27] /i 11469
[15/12/2016 01:05:04] /reload creatureevents
[15/12/2016 01:05:04] /reload talk
[15/12/2016 01:05:12] /reload actions
[15/12/2016 01:06:26] /reload creatureevents
[15/12/2016 01:06:26] /reload talk
[15/12/2016 01:06:28] /reload actions
[15/12/2016 01:22:35] /reload creatureevents
[15/12/2016 01:22:36] /reload talk
[15/12/2016 01:22:38] /reload actions
[15/12/2016 01:23:22] /i 2382
[15/12/2016 01:44:31] /newtype 1394
[15/12/2016 01:45:39] /reload actions
[15/12/2016 01:46:05] /i 2547
[15/12/2016 01:46:21] /reload actions
[15/12/2016 01:47:30] /reload actions
[15/12/2016 01:47:53] /reload actions
[15/12/2016 01:48:29] /reload actions
[15/12/2016 01:49:19] /reload actions
[15/12/2016 01:49:28] /reload actions
[15/12/2016 01:55:56] /reload actions
[15/12/2016 02:08:12] /reload actions
[15/12/2016 02:08:58] /reload actions
[15/12/2016 02:28:21] /reload actions
[15/12/2016 02:37:57] /m pidgeotto
[15/12/2016 02:43:58] /m red gyarados
[15/12/2016 02:44:03] /m shiny gyarados
[15/12/2016 02:44:16] /attr health -63999
[15/12/2016 02:44:17] /attr health -63999
[15/12/2016 02:45:10] /m pidgeotto
[15/12/2016 02:46:09] /m golem
[15/12/2016 02:47:20] /m shiny raichu
[15/12/2016 02:47:32] /attr health -40000
[15/12/2016 02:47:36] /attr health -10000
[15/12/2016 02:47:37] /attr health -10000
[15/12/2016 02:51:48] /i amparozite
[15/12/2016 02:51:51] /i ampharozite
[15/12/2016 02:52:15] /i 15794
[15/12/2016 02:57:05] /newtype 2134
[15/12/2016 02:57:12] /newtype 1073
[15/12/2016 02:57:41] /reload actions
[15/12/2016 02:57:44] /reload talk
[15/12/2016 02:57:44] /reload creatureevents
[15/12/2016 02:58:10] /reload creatureevents
[15/12/2016 02:58:10] /reload talk
[15/12/2016 02:58:11] /reload creatureevents
[15/12/2016 02:58:11] /reload talk
[15/12/2016 02:59:08] /reload creatureevents
[15/12/2016 02:59:09] /reload talk
[15/12/2016 02:59:09] /reload creatureevents
[15/12/2016 02:59:35] /reload creatureevents
[15/12/2016 02:59:38] /reload talk
[15/12/2016 02:59:39] /reload creatureevents
[15/12/2016 03:00:02] /reload creatureevents
[15/12/2016 03:00:03] /reload talk
[15/12/2016 03:00:03] /reload creatureevents
[15/12/2016 03:00:03] /reload talk
[15/12/2016 03:02:06] /reload creatureevents
[15/12/2016 03:02:06] /reload talk
[15/12/2016 03:02:07] /reload creatureevents
[15/12/2016 03:02:07] /reload talk
[15/12/2016 03:02:07] /reload creatureevents
[15/12/2016 03:02:07] /reload talk
[15/12/2016 03:02:08] /reload creatureevents
[15/12/2016 03:02:08] /reload talk
[15/12/2016 03:02:08] /reload creatureevents
[15/12/2016 03:03:36] /reload creatureevents
[15/12/2016 03:03:36] /reload talk
[15/12/2016 03:03:36] /reload creatureevents
[15/12/2016 03:03:37] /reload talk
[15/12/2016 03:04:04] /reload creatureevents
[15/12/2016 03:04:04] /reload talk
[15/12/2016 03:04:04] /reload creatureevents
[15/12/2016 03:04:05] /reload talk
[15/12/2016 03:04:53] /reload talk
[15/12/2016 03:04:53] /reload creatureevents
[15/12/2016 03:04:54] /reload talk
[15/12/2016 03:04:54] /reload creatureevents
[15/12/2016 03:04:54] /reload talk
[15/12/2016 03:05:41] /reload creatureevents
[15/12/2016 03:05:42] /reload talk
[15/12/2016 03:05:42] /reload creatureevents
[15/12/2016 03:05:42] /reload talk
[15/12/2016 03:06:30] /reload creatureevents
[15/12/2016 03:06:30] /reload talk
[15/12/2016 03:06:31] /reload creatureevents
[15/12/2016 03:06:31] /reload talk
[15/12/2016 03:06:35] /newtype 2134
[15/12/2016 03:07:03] /reload creatureevents
[15/12/2016 03:07:03] /reload talk
[15/12/2016 03:07:04] /reload creatureevents
[15/12/2016 03:07:04] /reload talk
[15/12/2016 03:07:04] /reload creatureevents
[15/12/2016 03:07:04] /reload talk
[15/12/2016 03:07:04] /reload creatureevents
[15/12/2016 03:07:04] /reload talk
[15/12/2016 03:07:05] /reload creatureevents
[15/12/2016 03:07:05] /reload talk
[15/12/2016 03:07:05] /reload creatureevents
[15/12/2016 03:07:05] /reload talk
[15/12/2016 03:07:05] /reload creatureevents
[15/12/2016 03:07:05] /reload talk
[15/12/2016 03:07:05] /reload creatureevents
[15/12/2016 03:08:20] /reload creatureevents
[15/12/2016 03:08:20] /reload talk
[15/12/2016 03:08:21] /reload creatureevents
[15/12/2016 03:08:21] /reload talk
[15/12/2016 03:09:42] /reload creatureevents
[15/12/2016 03:09:42] /reload talk
[15/12/2016 03:09:42] /reload creatureevents
[15/12/2016 03:09:43] /reload talk
[15/12/2016 03:09:43] /reload creatureevents
[15/12/2016 03:09:43] /reload talk
[15/12/2016 03:09:43] /reload creatureevents
[15/12/2016 03:09:43] /reload talk
[15/12/2016 03:09:43] /reload creatureevents
[15/12/2016 03:09:44] /reload talk
[15/12/2016 03:09:44] /reload creatureevents
[15/12/2016 03:10:19] /reload creatureevents
[15/12/2016 03:10:19] /reload talk
[15/12/2016 03:10:20] /reload creatureevents
[15/12/2016 03:10:20] /reload talk
[15/12/2016 03:11:55] /i 2160
[15/12/2016 03:14:45] /reload talk
[15/12/2016 03:14:45] /reload creatureevents
[15/12/2016 03:14:47] /m gole 
[15/12/2016 03:14:49] /m golem
[15/12/2016 03:15:21] /r
[15/12/2016 03:18:31] /reload creatureevents
[15/12/2016 03:18:31] /reload talk
[15/12/2016 03:18:33] /m golem
[15/12/2016 03:18:36] /r
[15/12/2016 03:18:37] /m rattata
[15/12/2016 03:19:56] /reload creatureevents
[15/12/2016 03:19:56] /reload talk
[15/12/2016 03:19:57] /reload creatureevents
[15/12/2016 19:42:51] /up
[15/12/2016 19:42:53] /a 2
[15/12/2016 19:43:10] /up
[15/12/2016 19:43:11] /a 2
[15/12/2016 19:46:44] /up
[15/12/2016 19:46:45] /a 2
